<?xml version="1.0" encoding="UTF-8"?>
<!-- Generated by org.testng.reporters.JUnitReportReporter -->
<testsuite skipped="0" hostname="DESKTOP-7N3BV5I" name="scripts.script" tests="1" failures="0" timestamp="24 Jul 2019 01:11:43 GMT" time="14.579" errors="0">
  <testcase name="script" time="14.579" classname="scripts.script"/>
</testsuite> <!-- scripts.script -->
