<?xml version="1.0" encoding="UTF-8"?>
<!-- Generated by org.testng.reporters.JUnitReportReporter -->
<testsuite skipped="1" hostname="DESKTOP-7N3BV5I" name="scripts.NewTest" tests="1" failures="0" timestamp="25 Jul 2019 00:25:24 GMT" time="0.000" errors="0">
  <testcase name="f" time="0.000" classname="scripts.NewTest">
    <skipped/>
  </testcase> <!-- f -->
</testsuite> <!-- scripts.NewTest -->
